<?xml version="1.0" encoding="UTF-8"?>
<!-- Generated by org.testng.reporters.JUnitReportReporter -->
<testsuite hostname="Sanaa-PC-Elitebook" failures="0" tests="2" name="com.simplilearn.gridTest.gridTestHUB" time="39.406" errors="0" timestamp="28 Nov 2021 07:15:10 GMT" skipped="0">
  <testcase classname="com.simplilearn.gridTest.gridTestHUB" name="test2" time="31.015"/>
  <testcase classname="com.simplilearn.gridTest.gridTestHUB" name="test1" time="8.391"/>
</testsuite> <!-- com.simplilearn.gridTest.gridTestHUB -->
