<?xml version="1.0" encoding="UTF-8"?>
<!-- Generated by org.testng.reporters.JUnitReportReporter -->
<testsuite hostname="Sanaa-PC-Elitebook" failures="0" tests="1" name="com.simplilearn.jenkinsDemo.LoginTest" time="10.911" errors="0" timestamp="27 Nov 2021 07:59:23 GMT" skipped="0">
  <testcase classname="com.simplilearn.jenkinsDemo.LoginTest" name="test1" time="10.911"/>
</testsuite> <!-- com.simplilearn.jenkinsDemo.LoginTest -->
