<?xml version="1.0" encoding="UTF-8"?>
<!-- Generated by org.testng.reporters.JUnitReportReporter -->
<testsuite hostname="Sanaa-PC-Elitebook" failures="0" tests="1" name="com.simplilearn.gridTest.gridTest1" time="32.721" errors="0" timestamp="28 Nov 2021 06:59:26 GMT" skipped="0">
  <testcase classname="com.simplilearn.gridTest.gridTest1" name="test1" time="32.721"/>
</testsuite> <!-- com.simplilearn.gridTest.gridTest1 -->
