<?xml version="1.0" encoding="UTF-8"?>
<!-- Generated by org.testng.reporters.JUnitReportReporter -->
<testsuite hostname="Sanaa-PC-Elitebook" failures="0" tests="1" name="com.simplilearn.jenkinsDemo.LoginTest" time="11.996" errors="0" timestamp="27 Nov 2021 04:45:58 GMT" skipped="0">
  <testcase classname="com.simplilearn.jenkinsDemo.LoginTest" name="test1" time="11.996"/>
</testsuite> <!-- com.simplilearn.jenkinsDemo.LoginTest -->
